Arguments: 
  C:\Program Files\node.exe C:\Users\MANISH\AppData\Roaming\npm\node_modules\yarn\bin\yarn.js add __dev prettier

PATH: 
  C:\Users\MANISH\AppData\Local\Programs\Python\Python310\Scripts\;C:\Users\MANISH\AppData\Local\Programs\Python\Python310\;C:\Windows\system32;C:\Windows;C:\Windows\System32\Wbem;C:\Windows\System32\WindowsPowerShell\v1.0\;C:\Windows\System32\OpenSSH\;C:\Program Files\;C:\ProgramData\chocolatey\bin;C:\Program Files\dotnet\;C:\Program Files\Git LFS;C:\Program Files\Git\cmd;C:\Users\MANISH\AppData\Local\Microsoft\WindowsApps;C:\Users\MANISH\AppData\Roaming\npm;C:\Users\MANISH\AppData\Local\Programs\Microsoft VS Code\bin;C:\Users\MANISH\AppData\Local\GitHubDesktop\bin

Yarn version: 
  1.22.19

Node version: 
  16.17.1

Platform: 
  win32 x64

Trace: 
  Error: https://registry.yarnpkg.com/__dev: Not found
      at Request.params.callback [as _callback] (C:\Users\MANISH\AppData\Roaming\npm\node_modules\yarn\lib\cli.js:66145:18)
      at Request.self.callback (C:\Users\MANISH\AppData\Roaming\npm\node_modules\yarn\lib\cli.js:140890:22)
      at Request.emit (node:events:513:28)
      at Request.<anonymous> (C:\Users\MANISH\AppData\Roaming\npm\node_modules\yarn\lib\cli.js:141862:10)
      at Request.emit (node:events:513:28)
      at IncomingMessage.<anonymous> (C:\Users\MANISH\AppData\Roaming\npm\node_modules\yarn\lib\cli.js:141784:12)
      at Object.onceWrapper (node:events:627:28)
      at IncomingMessage.emit (node:events:525:35)
      at endReadableNT (node:internal/streams/readable:1358:12)
      at processTicksAndRejections (node:internal/process/task_queues:83:21)

npm manifest: 
  No manifest

yarn manifest: 
  No manifest

Lockfile: 
  No lockfile
